<?xml version="1.0" encoding="UTF-8"?>
<!-- Generated by org.testng.reporters.JUnitReportReporter -->
<testsuite hostname="DESKTOP-MT8P8LQ" failures="0" tests="1" name="com.qa.testCases.loginTest" time="12.707" errors="0" timestamp="2025-08-08T08:57:47 IST" skipped="0">
  <testcase classname="com.qa.testCases.loginTest" name="loginWithInvalidCredentials" time="12.707"/>
</testsuite> <!-- com.qa.testCases.loginTest -->
